# JRE version: Java(TM) SE Runtime Environment (20.0.2+9) (build 20.0.2+9-78)
# Java VM: Java HotSpot(TM) 64-Bit Server VM (20.0.2+9-78, mixed mode, sharing, tiered, compressed oops, compressed class ptrs, g1 gc, windows-amd64)
GC Precious Log:
 CardTable entry size: 512
 Card Set container configuration: InlinePtr #cards 5 size 8 Array Of Cards #cards 12 size 40 Howl #buckets 4 coarsen threshold 1843 Howl Bitmap #cards 512 size 80 coarsen threshold 460 Card regions per heap region 1 cards per card region 2048
 CPUs: 8 total, 8 available
 Memory: 7930M
 Large Page Support: Disabled
 NUMA Support: Disabled
 Compressed Oops: Enabled (32-bit)
 Heap Region Size: 1M
 Heap Min Capacity: 256M
 Heap Initial Capacity: 256M
 Heap Max Capacity: 512M
 Pre-touch: Disabled
 Parallel Workers: 8
 Concurrent Workers: 2
 Concurrent Refinement Workers: 8
 Periodic GC: Disabled
Heap:
 garbage-first heap   total 296960K, used 184992K [0x00000000e0000000, 0x0000000100000000)
  region size 1024K, 49 young (50176K), 4 survivors (4096K)
 Metaspace       used 87725K, committed 89792K, reserved 446464K
  class space    used 11617K, committed 12864K, reserved 315392K
GC Heap History (20 events):
Event: 5818.453 GC heap before
{Heap before GC invocations=53 (full 0):
 garbage-first heap   total 273408K, used 245642K [0x00000000e0000000, 0x0000000100000000)
  region size 1024K, 139 young (142336K), 12 survivors (12288K)
 Metaspace       used 85737K, committed 88704K, reserved 446464K
  class space    used 11294K, committed 12864K, reserved 315392K
}
Event: 5818.461 GC heap after
{Heap after GC invocations=54 (full 0):
 garbage-first heap   total 273408K, used 117975K [0x00000000e0000000, 0x0000000100000000)
  region size 1024K, 11 young (11264K), 11 survivors (11264K)
 Metaspace       used 85737K, committed 88704K, reserved 446464K
  class space    used 11294K, committed 12864K, reserved 315392K
}
Event: 5818.788 GC heap before
{Heap before GC invocations=55 (full 0):
 garbage-first heap   total 276480K, used 245975K [0x00000000e0000000, 0x0000000100000000)
  region size 1024K, 137 young (140288K), 11 survivors (11264K)
 Metaspace       used 85737K, committed 88704K, reserved 446464K
  class space    used 11294K, committed 12864K, reserved 315392K
}
Event: 5818.796 GC heap after
{Heap after GC invocations=56 (full 0):
 garbage-first heap   total 276480K, used 120236K [0x00000000e0000000, 0x0000000100000000)
  region size 1024K, 11 young (11264K), 11 survivors (11264K)
 Metaspace       used 85737K, committed 88704K, reserved 446464K
  class space    used 11294K, committed 12864K, reserved 315392K
}
Event: 5819.077 GC heap before
{Heap before GC invocations=56 (full 0):
 garbage-first heap   total 276480K, used 249260K [0x00000000e0000000, 0x0000000100000000)
  region size 1024K, 138 young (141312K), 11 survivors (11264K)
 Metaspace       used 85742K, committed 88704K, reserved 446464K
  class space    used 11295K, committed 12864K, reserved 315392K
}
Event: 5819.090 GC heap after
{Heap after GC invocations=57 (full 0):
 garbage-first heap   total 276480K, used 119146K [0x00000000e0000000, 0x0000000100000000)
  region size 1024K, 10 young (10240K), 10 survivors (10240K)
 Metaspace       used 85742K, committed 88704K, reserved 446464K
  class space    used 11295K, committed 12864K, reserved 315392K
}
Event: 5819.408 GC heap before
{Heap before GC invocations=57 (full 0):
 garbage-first heap   total 276480K, used 250218K [0x00000000e0000000, 0x0000000100000000)
  region size 1024K, 139 young (142336K), 10 survivors (10240K)
 Metaspace       used 85756K, committed 88704K, reserved 446464K
  class space    used 11295K, committed 12864K, reserved 315392K
}
Event: 5819.415 GC heap after
{Heap after GC invocations=58 (full 0):
 garbage-first heap   total 276480K, used 121947K [0x00000000e0000000, 0x0000000100000000)
  region size 1024K, 13 young (13312K), 13 survivors (13312K)
 Metaspace       used 85756K, committed 88704K, reserved 446464K
  class space    used 11295K, committed 12864K, reserved 315392K
}
Event: 5819.627 GC heap before
{Heap before GC invocations=59 (full 0):
 garbage-first heap   total 296960K, used 245851K [0x00000000e0000000, 0x0000000100000000)
  region size 1024K, 135 young (138240K), 13 survivors (13312K)
 Metaspace       used 85758K, committed 88704K, reserved 446464K
  class space    used 11295K, committed 12864K, reserved 315392K
}
Event: 5819.635 GC heap after
{Heap after GC invocations=60 (full 0):
 garbage-first heap   total 296960K, used 123376K [0x00000000e0000000, 0x0000000100000000)
  region size 1024K, 10 young (10240K), 10 survivors (10240K)
 Metaspace       used 85758K, committed 88704K, reserved 446464K
  class space    used 11295K, committed 12864K, reserved 315392K
}
Event: 5819.896 GC heap before
{Heap before GC invocations=60 (full 0):
 garbage-first heap   total 296960K, used 269808K [0x00000000e0000000, 0x0000000100000000)
  region size 1024K, 154 young (157696K), 10 survivors (10240K)
 Metaspace       used 85769K, committed 88704K, reserved 446464K
  class space    used 11295K, committed 12864K, reserved 315392K
}
Event: 5819.905 GC heap after
{Heap after GC invocations=61 (full 0):
 garbage-first heap   total 296960K, used 121043K [0x00000000e0000000, 0x0000000100000000)
  region size 1024K, 10 young (10240K), 10 survivors (10240K)
 Metaspace       used 85769K, committed 88704K, reserved 446464K
  class space    used 11295K, committed 12864K, reserved 315392K
}
Event: 5820.501 GC heap before
{Heap before GC invocations=61 (full 0):
 garbage-first heap   total 296960K, used 269523K [0x00000000e0000000, 0x0000000100000000)
  region size 1024K, 156 young (159744K), 10 survivors (10240K)
 Metaspace       used 85865K, committed 88704K, reserved 446464K
  class space    used 11312K, committed 12864K, reserved 315392K
}
Event: 5820.514 GC heap after
{Heap after GC invocations=62 (full 0):
 garbage-first heap   total 296960K, used 130832K [0x00000000e0000000, 0x0000000100000000)
  region size 1024K, 20 young (20480K), 20 survivors (20480K)
 Metaspace       used 85865K, committed 88704K, reserved 446464K
  class space    used 11312K, committed 12864K, reserved 315392K
}
Event: 6068.329 GC heap before
{Heap before GC invocations=63 (full 0):
 garbage-first heap   total 296960K, used 264976K [0x00000000e0000000, 0x0000000100000000)
  region size 1024K, 146 young (149504K), 20 survivors (20480K)
 Metaspace       used 87315K, committed 89344K, reserved 446464K
  class space    used 11575K, committed 12864K, reserved 315392K
}
Event: 6068.344 GC heap after
{Heap after GC invocations=64 (full 0):
 garbage-first heap   total 296960K, used 135190K [0x00000000e0000000, 0x0000000100000000)
  region size 1024K, 10 young (10240K), 10 survivors (10240K)
 Metaspace       used 87315K, committed 89344K, reserved 446464K
  class space    used 11575K, committed 12864K, reserved 315392K
}
Event: 6069.656 GC heap before
{Heap before GC invocations=64 (full 0):
 garbage-first heap   total 296960K, used 270358K [0x00000000e0000000, 0x0000000100000000)
  region size 1024K, 142 young (145408K), 10 survivors (10240K)
 Metaspace       used 87735K, committed 89728K, reserved 446464K
  class space    used 11626K, committed 12864K, reserved 315392K
}
Event: 6069.668 GC heap after
{Heap after GC invocations=65 (full 0):
 garbage-first heap   total 296960K, used 136938K [0x00000000e0000000, 0x0000000100000000)
  region size 1024K, 12 young (12288K), 12 survivors (12288K)
 Metaspace       used 87735K, committed 89728K, reserved 446464K
  class space    used 11626K, committed 12864K, reserved 315392K
}
Event: 6069.690 GC heap before
{Heap before GC invocations=65 (full 0):
 garbage-first heap   total 296960K, used 140010K [0x00000000e0000000, 0x0000000100000000)
  region size 1024K, 17 young (17408K), 12 survivors (12288K)
 Metaspace       used 87735K, committed 89728K, reserved 446464K
  class space    used 11626K, committed 12864K, reserved 315392K
}
Event: 6069.697 GC heap after
{Heap after GC invocations=66 (full 0):
 garbage-first heap   total 296960K, used 135840K [0x00000000e0000000, 0x0000000100000000)
  region size 1024K, 4 young (4096K), 4 survivors (4096K)
 Metaspace       used 87735K, committed 89728K, reserved 446464K
  class space    used 11626K, committed 12864K, reserved 315392K
}

