# JRE version: OpenJDK Runtime Environment Temurin-21.0.9+10 (21.0.9+10) (build 21.0.9+10-LTS)
# Java VM: OpenJDK 64-Bit Server VM Temurin-21.0.9+10 (21.0.9+10-LTS, mixed mode, emulated-client, sharing, tiered, compressed oops, compressed class ptrs, g1 gc, windows-amd64)
GC Precious Log:
 CardTable entry size: 512
 Card Set container configuration: InlinePtr #cards 5 size 8 Array Of Cards #cards 12 size 40 Howl #buckets 4 coarsen threshold 1843 Howl Bitmap #cards 512 size 80 coarsen threshold 460 Card regions per heap region 1 cards per card region 2048
 CPUs: 8 total, 8 available
 Memory: 7930M
 Large Page Support: Disabled
 NUMA Support: Disabled
 Compressed Oops: Enabled (32-bit)
 Heap Region Size: 1M
 Heap Min Capacity: 8M
 Heap Initial Capacity: 124M
 Heap Max Capacity: 1984M
 Pre-touch: Disabled
 Parallel Workers: 8
 Concurrent Workers: 2
 Concurrent Refinement Workers: 8
 Periodic GC: Disabled
Heap:
 garbage-first heap   total 131072K, used 53949K [0x0000000084000000, 0x0000000100000000)
  region size 1024K, 7 young (7168K), 7 survivors (7168K)
 Metaspace       used 70975K, committed 71616K, reserved 1114112K
  class space    used 10436K, committed 10688K, reserved 1048576K
GC Heap History (20 events):
Event: 4.961 GC heap after
{Heap after GC invocations=7 (full 0):
 garbage-first heap   total 91136K, used 25223K [0x0000000084000000, 0x0000000100000000)
  region size 1024K, 4 young (4096K), 4 survivors (4096K)
 Metaspace       used 29864K, committed 30336K, reserved 1114112K
  class space    used 4236K, committed 4416K, reserved 1048576K
}
Event: 5.557 GC heap before
{Heap before GC invocations=7 (full 0):
 garbage-first heap   total 91136K, used 49799K [0x0000000084000000, 0x0000000100000000)
  region size 1024K, 29 young (29696K), 4 survivors (4096K)
 Metaspace       used 33024K, committed 33600K, reserved 1114112K
  class space    used 4670K, committed 4928K, reserved 1048576K
}
Event: 5.566 GC heap after
{Heap after GC invocations=8 (full 0):
 garbage-first heap   total 91136K, used 26662K [0x0000000084000000, 0x0000000100000000)
  region size 1024K, 6 young (6144K), 6 survivors (6144K)
 Metaspace       used 33024K, committed 33600K, reserved 1114112K
  class space    used 4670K, committed 4928K, reserved 1048576K
}
Event: 7.106 GC heap before
{Heap before GC invocations=9 (full 0):
 garbage-first heap   total 91136K, used 74790K [0x0000000084000000, 0x0000000100000000)
  region size 1024K, 53 young (54272K), 6 survivors (6144K)
 Metaspace       used 47784K, committed 48384K, reserved 1114112K
  class space    used 6709K, committed 6976K, reserved 1048576K
}
Event: 7.117 GC heap after
{Heap after GC invocations=10 (full 0):
 garbage-first heap   total 91136K, used 30398K [0x0000000084000000, 0x0000000100000000)
  region size 1024K, 6 young (6144K), 6 survivors (6144K)
 Metaspace       used 47784K, committed 48384K, reserved 1114112K
  class space    used 6709K, committed 6976K, reserved 1048576K
}
Event: 8.317 GC heap before
{Heap before GC invocations=10 (full 0):
 garbage-first heap   total 91136K, used 71358K [0x0000000084000000, 0x0000000100000000)
  region size 1024K, 48 young (49152K), 6 survivors (6144K)
 Metaspace       used 55677K, committed 56256K, reserved 1114112K
  class space    used 7816K, committed 8064K, reserved 1048576K
}
Event: 8.333 GC heap after
{Heap after GC invocations=11 (full 0):
 garbage-first heap   total 91136K, used 33314K [0x0000000084000000, 0x0000000100000000)
  region size 1024K, 7 young (7168K), 7 survivors (7168K)
 Metaspace       used 55677K, committed 56256K, reserved 1114112K
  class space    used 7816K, committed 8064K, reserved 1048576K
}
Event: 8.369 GC heap before
{Heap before GC invocations=11 (full 0):
 garbage-first heap   total 91136K, used 34338K [0x0000000084000000, 0x0000000100000000)
  region size 1024K, 9 young (9216K), 7 survivors (7168K)
 Metaspace       used 56014K, committed 56576K, reserved 1114112K
  class space    used 7873K, committed 8128K, reserved 1048576K
}
Event: 8.380 GC heap after
{Heap after GC invocations=12 (full 0):
 garbage-first heap   total 91136K, used 33130K [0x0000000084000000, 0x0000000100000000)
  region size 1024K, 3 young (3072K), 3 survivors (3072K)
 Metaspace       used 56014K, committed 56576K, reserved 1114112K
  class space    used 7873K, committed 8128K, reserved 1048576K
}
Event: 9.236 GC heap before
{Heap before GC invocations=13 (full 0):
 garbage-first heap   total 91136K, used 80234K [0x0000000084000000, 0x0000000100000000)
  region size 1024K, 49 young (50176K), 3 survivors (3072K)
 Metaspace       used 60109K, committed 60736K, reserved 1114112K
  class space    used 8610K, committed 8896K, reserved 1048576K
}
Event: 9.245 GC heap after
{Heap after GC invocations=14 (full 0):
 garbage-first heap   total 109568K, used 34154K [0x0000000084000000, 0x0000000100000000)
  region size 1024K, 4 young (4096K), 4 survivors (4096K)
 Metaspace       used 60109K, committed 60736K, reserved 1114112K
  class space    used 8610K, committed 8896K, reserved 1048576K
}
Event: 10.548 GC heap before
{Heap before GC invocations=14 (full 0):
 garbage-first heap   total 109568K, used 95594K [0x0000000084000000, 0x0000000100000000)
  region size 1024K, 64 young (65536K), 4 survivors (4096K)
 Metaspace       used 69312K, committed 69952K, reserved 1114112K
  class space    used 10173K, committed 10432K, reserved 1048576K
}
Event: 10.564 GC heap after
{Heap after GC invocations=15 (full 0):
 garbage-first heap   total 109568K, used 39062K [0x0000000084000000, 0x0000000100000000)
  region size 1024K, 8 young (8192K), 8 survivors (8192K)
 Metaspace       used 69312K, committed 69952K, reserved 1114112K
  class space    used 10173K, committed 10432K, reserved 1048576K
}
Event: 10.838 GC heap before
{Heap before GC invocations=15 (full 0):
 garbage-first heap   total 109568K, used 94358K [0x0000000084000000, 0x0000000100000000)
  region size 1024K, 62 young (63488K), 8 survivors (8192K)
 Metaspace       used 70908K, committed 71552K, reserved 1114112K
  class space    used 10403K, committed 10688K, reserved 1048576K
}
Event: 10.851 GC heap after
{Heap after GC invocations=16 (full 0):
 garbage-first heap   total 109568K, used 42982K [0x0000000084000000, 0x0000000100000000)
  region size 1024K, 4 young (4096K), 4 survivors (4096K)
 Metaspace       used 70908K, committed 71552K, reserved 1114112K
  class space    used 10403K, committed 10688K, reserved 1048576K
}
Event: 10.986 GC heap before
{Heap before GC invocations=16 (full 0):
 garbage-first heap   total 109568K, used 95206K [0x0000000084000000, 0x0000000100000000)
  region size 1024K, 55 young (56320K), 4 survivors (4096K)
 Metaspace       used 70913K, committed 71552K, reserved 1114112K
  class space    used 10404K, committed 10688K, reserved 1048576K
}
Event: 10.996 GC heap after
{Heap after GC invocations=17 (full 0):
 garbage-first heap   total 109568K, used 46849K [0x0000000084000000, 0x0000000100000000)
  region size 1024K, 7 young (7168K), 7 survivors (7168K)
 Metaspace       used 70913K, committed 71552K, reserved 1114112K
  class space    used 10404K, committed 10688K, reserved 1048576K
}
Event: 11.151 GC heap before
{Heap before GC invocations=18 (full 0):
 garbage-first heap   total 109568K, used 96001K [0x0000000084000000, 0x0000000100000000)
  region size 1024K, 55 young (56320K), 7 survivors (7168K)
 Metaspace       used 70953K, committed 71616K, reserved 1114112K
  class space    used 10428K, committed 10688K, reserved 1048576K
}
Event: 11.166 GC heap after
{Heap after GC invocations=19 (full 0):
 garbage-first heap   total 109568K, used 49762K [0x0000000084000000, 0x0000000100000000)
  region size 1024K, 3 young (3072K), 3 survivors (3072K)
 Metaspace       used 70953K, committed 71616K, reserved 1114112K
  class space    used 10428K, committed 10688K, reserved 1048576K
}
Event: 11.312 GC heap before
{Heap before GC invocations=19 (full 0):
 garbage-first heap   total 109568K, used 96866K [0x0000000084000000, 0x0000000100000000)
  region size 1024K, 49 young (50176K), 3 survivors (3072K)
 Metaspace       used 70975K, committed 71616K, reserved 1114112K
  class space    used 10436K, committed 10688K, reserved 1048576K
}

