# JRE version: OpenJDK Runtime Environment Temurin-21.0.9+10 (21.0.9+10) (build 21.0.9+10-LTS)
# Java VM: OpenJDK 64-Bit Server VM Temurin-21.0.9+10 (21.0.9+10-LTS, mixed mode, emulated-client, sharing, tiered, compressed oops, compressed class ptrs, g1 gc, windows-amd64)
GC Precious Log:
 CardTable entry size: 512
 Card Set container configuration: InlinePtr #cards 5 size 8 Array Of Cards #cards 12 size 40 Howl #buckets 4 coarsen threshold 1843 Howl Bitmap #cards 512 size 80 coarsen threshold 460 Card regions per heap region 1 cards per card region 2048
 CPUs: 8 total, 8 available
 Memory: 7930M
 Large Page Support: Disabled
 NUMA Support: Disabled
 Compressed Oops: Enabled (32-bit)
 Heap Region Size: 1M
 Heap Min Capacity: 8M
 Heap Initial Capacity: 124M
 Heap Max Capacity: 1984M
 Pre-touch: Disabled
 Parallel Workers: 8
 Concurrent Workers: 2
 Concurrent Refinement Workers: 8
 Periodic GC: Disabled
Heap:
 garbage-first heap   total 95232K, used 50326K [0x0000000084000000, 0x0000000100000000)
  region size 1024K, 2 young (2048K), 2 survivors (2048K)
 Metaspace       used 71006K, committed 71680K, reserved 1114112K
  class space    used 10434K, committed 10688K, reserved 1048576K
GC Heap History (20 events):
Event: 4.548 GC heap after
{Heap after GC invocations=6 (full 0):
 garbage-first heap   total 76800K, used 25019K [0x0000000084000000, 0x0000000100000000)
  region size 1024K, 4 young (4096K), 4 survivors (4096K)
 Metaspace       used 29864K, committed 30336K, reserved 1114112K
  class space    used 4236K, committed 4416K, reserved 1048576K
}
Event: 5.069 GC heap before
{Heap before GC invocations=6 (full 0):
 garbage-first heap   total 76800K, used 51643K [0x0000000084000000, 0x0000000100000000)
  region size 1024K, 31 young (31744K), 4 survivors (4096K)
 Metaspace       used 33318K, committed 33920K, reserved 1114112K
  class space    used 4708K, committed 4992K, reserved 1048576K
}
Event: 5.080 GC heap after
{Heap after GC invocations=7 (full 0):
 garbage-first heap   total 92160K, used 27175K [0x0000000084000000, 0x0000000100000000)
  region size 1024K, 3 young (3072K), 3 survivors (3072K)
 Metaspace       used 33318K, committed 33920K, reserved 1114112K
  class space    used 4708K, committed 4992K, reserved 1048576K
}
Event: 6.756 GC heap before
{Heap before GC invocations=8 (full 0):
 garbage-first heap   total 92160K, used 74279K [0x0000000084000000, 0x0000000100000000)
  region size 1024K, 49 young (50176K), 3 survivors (3072K)
 Metaspace       used 47838K, committed 48448K, reserved 1114112K
  class space    used 6721K, committed 6976K, reserved 1048576K
}
Event: 6.762 GC heap after
{Heap after GC invocations=9 (full 0):
 garbage-first heap   total 92160K, used 30286K [0x0000000084000000, 0x0000000100000000)
  region size 1024K, 6 young (6144K), 6 survivors (6144K)
 Metaspace       used 47838K, committed 48448K, reserved 1114112K
  class space    used 6721K, committed 6976K, reserved 1048576K
}
Event: 8.318 GC heap before
{Heap before GC invocations=9 (full 0):
 garbage-first heap   total 92160K, used 74318K [0x0000000084000000, 0x0000000100000000)
  region size 1024K, 50 young (51200K), 6 survivors (6144K)
 Metaspace       used 56149K, committed 56768K, reserved 1114112K
  class space    used 7903K, committed 8192K, reserved 1048576K
}
Event: 8.326 GC heap after
{Heap after GC invocations=10 (full 0):
 garbage-first heap   total 92160K, used 32554K [0x0000000084000000, 0x0000000100000000)
  region size 1024K, 7 young (7168K), 7 survivors (7168K)
 Metaspace       used 56149K, committed 56768K, reserved 1114112K
  class space    used 7903K, committed 8192K, reserved 1048576K
}
Event: 8.381 GC heap before
{Heap before GC invocations=10 (full 0):
 garbage-first heap   total 92160K, used 33578K [0x0000000084000000, 0x0000000100000000)
  region size 1024K, 9 young (9216K), 7 survivors (7168K)
 Metaspace       used 56485K, committed 57088K, reserved 1114112K
  class space    used 7982K, committed 8256K, reserved 1048576K
}
Event: 8.387 GC heap after
{Heap after GC invocations=11 (full 0):
 garbage-first heap   total 92160K, used 33237K [0x0000000084000000, 0x0000000100000000)
  region size 1024K, 4 young (4096K), 4 survivors (4096K)
 Metaspace       used 56485K, committed 57088K, reserved 1114112K
  class space    used 7982K, committed 8256K, reserved 1048576K
}
Event: 9.409 GC heap before
{Heap before GC invocations=12 (full 0):
 garbage-first heap   total 92160K, used 79317K [0x0000000084000000, 0x0000000100000000)
  region size 1024K, 49 young (50176K), 4 survivors (4096K)
 Metaspace       used 60415K, committed 61056K, reserved 1114112K
  class space    used 8658K, committed 8960K, reserved 1048576K
}
Event: 9.415 GC heap after
{Heap after GC invocations=13 (full 0):
 garbage-first heap   total 92160K, used 33837K [0x0000000084000000, 0x0000000100000000)
  region size 1024K, 4 young (4096K), 4 survivors (4096K)
 Metaspace       used 60415K, committed 61056K, reserved 1114112K
  class space    used 8658K, committed 8960K, reserved 1048576K
}
Event: 11.554 GC heap before
{Heap before GC invocations=13 (full 0):
 garbage-first heap   total 92160K, used 81965K [0x0000000084000000, 0x0000000100000000)
  region size 1024K, 51 young (52224K), 4 survivors (4096K)
 Metaspace       used 67515K, committed 68224K, reserved 1114112K
  class space    used 9800K, committed 10112K, reserved 1048576K
}
Event: 11.563 GC heap after
{Heap after GC invocations=14 (full 0):
 garbage-first heap   total 92160K, used 37493K [0x0000000084000000, 0x0000000100000000)
  region size 1024K, 6 young (6144K), 6 survivors (6144K)
 Metaspace       used 67515K, committed 68224K, reserved 1114112K
  class space    used 9800K, committed 10112K, reserved 1048576K
}
Event: 11.994 GC heap before
{Heap before GC invocations=14 (full 0):
 garbage-first heap   total 92160K, used 80501K [0x0000000084000000, 0x0000000100000000)
  region size 1024K, 49 young (50176K), 6 survivors (6144K)
 Metaspace       used 70885K, committed 71552K, reserved 1114112K
  class space    used 10402K, committed 10688K, reserved 1048576K
}
Event: 12.003 GC heap after
{Heap after GC invocations=15 (full 0):
 garbage-first heap   total 92160K, used 39677K [0x0000000084000000, 0x0000000100000000)
  region size 1024K, 6 young (6144K), 6 survivors (6144K)
 Metaspace       used 70885K, committed 71552K, reserved 1114112K
  class space    used 10402K, committed 10688K, reserved 1048576K
}
Event: 12.134 GC heap before
{Heap before GC invocations=15 (full 0):
 garbage-first heap   total 92160K, used 82685K [0x0000000084000000, 0x0000000100000000)
  region size 1024K, 48 young (49152K), 6 survivors (6144K)
 Metaspace       used 71006K, committed 71680K, reserved 1114112K
  class space    used 10434K, committed 10688K, reserved 1048576K
}
Event: 12.144 GC heap after
{Heap after GC invocations=16 (full 0):
 garbage-first heap   total 92160K, used 40787K [0x0000000084000000, 0x0000000100000000)
  region size 1024K, 4 young (4096K), 4 survivors (4096K)
 Metaspace       used 71006K, committed 71680K, reserved 1114112K
  class space    used 10434K, committed 10688K, reserved 1048576K
}
Event: 12.271 GC heap before
{Heap before GC invocations=17 (full 0):
 garbage-first heap   total 92160K, used 82771K [0x0000000084000000, 0x0000000100000000)
  region size 1024K, 45 young (46080K), 4 survivors (4096K)
 Metaspace       used 71006K, committed 71680K, reserved 1114112K
  class space    used 10434K, committed 10688K, reserved 1048576K
}
Event: 12.283 GC heap after
{Heap after GC invocations=18 (full 0):
 garbage-first heap   total 95232K, used 48708K [0x0000000084000000, 0x0000000100000000)
  region size 1024K, 6 young (6144K), 6 survivors (6144K)
 Metaspace       used 71006K, committed 71680K, reserved 1114112K
  class space    used 10434K, committed 10688K, reserved 1048576K
}
Event: 12.352 GC heap before
{Heap before GC invocations=18 (full 0):
 garbage-first heap   total 95232K, used 81476K [0x0000000084000000, 0x0000000100000000)
  region size 1024K, 38 young (38912K), 6 survivors (6144K)
 Metaspace       used 71006K, committed 71680K, reserved 1114112K
  class space    used 10434K, committed 10688K, reserved 1048576K
}

